2017-07-31 15:53:31,942 [Worker-15] INFO  o.e.m.c.i.e.AbstractTransferListenerAdapter - Downloading http://maven.wso2.org/nexus/content/groups/wso2-public/org/codehaus/mojo/exec-maven-plugin/1.4.0/exec-maven-plugin-1.4.0.pom
2017-07-31 15:53:31,979 [Worker-15] INFO  o.e.m.c.i.e.AbstractTransferListenerAdapter - Downloaded http://maven.wso2.org/nexus/content/groups/wso2-public/org/codehaus/mojo/exec-maven-plugin/1.4.0/exec-maven-plugin-1.4.0.pom
2017-07-31 15:53:32,012 [Worker-15] INFO  o.e.m.c.i.e.AbstractTransferListenerAdapter - Downloading http://maven.wso2.org/nexus/content/groups/wso2-public/org/codehaus/mojo/mojo-parent/34/mojo-parent-34.pom
2017-07-31 15:53:32,050 [Worker-15] INFO  o.e.m.c.i.e.AbstractTransferListenerAdapter - Downloaded http://maven.wso2.org/nexus/content/groups/wso2-public/org/codehaus/mojo/mojo-parent/34/mojo-parent-34.pom
2017-07-31 15:53:32,376 [Worker-15] INFO  o.e.m.c.i.e.AbstractTransferListenerAdapter - Downloading http://maven.wso2.org/nexus/content/groups/wso2-public/org/apache/commons/commons-exec/1.3/commons-exec-1.3.pom
2017-07-31 15:53:32,515 [Worker-15] INFO  o.e.m.c.i.e.AbstractTransferListenerAdapter - Downloaded http://maven.wso2.org/nexus/content/groups/wso2-public/org/apache/commons/commons-exec/1.3/commons-exec-1.3.pom
2017-07-31 15:53:32,643 [Worker-15] INFO  o.e.m.c.i.e.AbstractTransferListenerAdapter - Downloading http://maven.wso2.org/nexus/content/groups/wso2-public/org/codehaus/mojo/exec-maven-plugin/1.4.0/exec-maven-plugin-1.4.0.jar
2017-07-31 15:53:32,692 [Worker-15] INFO  o.e.m.c.i.e.AbstractTransferListenerAdapter - Downloaded http://maven.wso2.org/nexus/content/groups/wso2-public/org/codehaus/mojo/exec-maven-plugin/1.4.0/exec-maven-plugin-1.4.0.jar
2017-07-31 15:53:32,715 [Worker-15] INFO  o.e.m.c.i.e.AbstractTransferListenerAdapter - Downloading http://maven.wso2.org/nexus/content/groups/wso2-public/org/apache/commons/commons-exec/1.3/commons-exec-1.3.jar
2017-07-31 15:53:32,818 [Worker-15] INFO  o.e.m.c.i.e.AbstractTransferListenerAdapter - Downloaded http://maven.wso2.org/nexus/content/groups/wso2-public/org/apache/commons/commons-exec/1.3/commons-exec-1.3.jar
2017-07-31 17:02:38,437 [Worker-30] INFO  o.e.m.c.i.e.AbstractTransferListenerAdapter - Downloading http://maven.wso2.org/nexus/content/groups/wso2-public/org/wso2/maven/wso2-esb-connector-plugin/1.0.0/wso2-esb-connector-plugin-1.0.0.pom
2017-07-31 17:02:39,125 [Worker-30] INFO  o.e.m.c.i.e.AbstractTransferListenerAdapter - Downloaded http://maven.wso2.org/nexus/content/groups/wso2-public/org/wso2/maven/wso2-esb-connector-plugin/1.0.0/wso2-esb-connector-plugin-1.0.0.pom
2017-07-31 17:02:39,788 [Worker-30] INFO  o.e.m.c.i.e.AbstractTransferListenerAdapter - Downloading http://maven.wso2.org/nexus/content/groups/wso2-public/org/wso2/maven/maven-tools/5.0.0/maven-tools-5.0.0.pom
2017-07-31 17:02:40,198 [Worker-30] INFO  o.e.m.c.i.e.AbstractTransferListenerAdapter - Downloaded http://maven.wso2.org/nexus/content/groups/wso2-public/org/wso2/maven/maven-tools/5.0.0/maven-tools-5.0.0.pom
2017-07-31 17:02:40,413 [Worker-30] INFO  o.e.m.c.i.e.AbstractTransferListenerAdapter - Downloading http://maven.wso2.org/nexus/content/groups/wso2-public/biz/aQute/bndlib/0.0.357/bndlib-0.0.357.pom
2017-07-31 17:02:40,524 [Worker-30] INFO  o.e.m.c.i.e.AbstractTransferListenerAdapter - Downloaded http://maven.wso2.org/nexus/content/groups/wso2-public/biz/aQute/bndlib/0.0.357/bndlib-0.0.357.pom
2017-07-31 17:02:41,032 [Worker-30] INFO  o.e.m.c.i.e.AbstractTransferListenerAdapter - Downloading http://maven.wso2.org/nexus/content/groups/wso2-public/org/apache/felix/org.apache.felix.bundlerepository/1.6.2/org.apache.felix.bundlerepository-1.6.2.pom
2017-07-31 17:02:41,115 [Worker-30] INFO  o.e.m.c.i.e.AbstractTransferListenerAdapter - Downloaded http://maven.wso2.org/nexus/content/groups/wso2-public/org/apache/felix/org.apache.felix.bundlerepository/1.6.2/org.apache.felix.bundlerepository-1.6.2.pom
2017-07-31 17:02:41,298 [Worker-30] INFO  o.e.m.c.i.e.AbstractTransferListenerAdapter - Downloading http://maven.wso2.org/nexus/content/groups/wso2-public/org/apache/felix/felix-parent/1.2.1/felix-parent-1.2.1.pom
2017-07-31 17:02:41,381 [Worker-30] INFO  o.e.m.c.i.e.AbstractTransferListenerAdapter - Downloaded http://maven.wso2.org/nexus/content/groups/wso2-public/org/apache/felix/felix-parent/1.2.1/felix-parent-1.2.1.pom
2017-07-31 17:02:41,626 [Worker-30] INFO  o.e.m.c.i.e.AbstractTransferListenerAdapter - Downloading http://maven.wso2.org/nexus/content/groups/wso2-public/org/apache/maven/maven-model/3.0.2/maven-model-3.0.2.pom
2017-07-31 17:02:41,743 [Worker-30] INFO  o.e.m.c.i.e.AbstractTransferListenerAdapter - Downloaded http://maven.wso2.org/nexus/content/groups/wso2-public/org/apache/maven/maven-model/3.0.2/maven-model-3.0.2.pom
2017-07-31 17:02:42,050 [Worker-30] INFO  o.e.m.c.i.e.AbstractTransferListenerAdapter - Downloading http://maven.wso2.org/nexus/content/groups/wso2-public/org/apache/maven/maven/3.0.2/maven-3.0.2.pom
2017-07-31 17:02:42,250 [Worker-30] INFO  o.e.m.c.i.e.AbstractTransferListenerAdapter - Downloaded http://maven.wso2.org/nexus/content/groups/wso2-public/org/apache/maven/maven/3.0.2/maven-3.0.2.pom
2017-07-31 17:02:42,565 [Worker-30] INFO  o.e.m.c.i.e.AbstractTransferListenerAdapter - Downloading http://maven.wso2.org/nexus/content/groups/wso2-public/org/codehaus/plexus/plexus-container-default/1.5.4/plexus-container-default-1.5.4.pom
2017-07-31 17:02:42,699 [Worker-30] INFO  o.e.m.c.i.e.AbstractTransferListenerAdapter - Downloaded http://maven.wso2.org/nexus/content/groups/wso2-public/org/codehaus/plexus/plexus-container-default/1.5.4/plexus-container-default-1.5.4.pom
2017-07-31 17:02:43,564 [Worker-30] INFO  o.e.m.c.i.e.AbstractTransferListenerAdapter - Downloading http://maven.wso2.org/nexus/content/groups/wso2-public/org/wso2/maven/org.wso2.maven.capp/2.1.0/org.wso2.maven.capp-2.1.0.pom
2017-07-31 17:02:44,000 [Worker-30] INFO  o.e.m.c.i.e.AbstractTransferListenerAdapter - Downloaded http://maven.wso2.org/nexus/content/groups/wso2-public/org/wso2/maven/org.wso2.maven.capp/2.1.0/org.wso2.maven.capp-2.1.0.pom
2017-07-31 17:02:44,659 [Worker-30] INFO  o.e.m.c.i.e.AbstractTransferListenerAdapter - Downloading http://maven.wso2.org/nexus/content/groups/wso2-public/org/wso2/maven/org.wso2.maven.utils/2.1.0/org.wso2.maven.utils-2.1.0.pom
2017-07-31 17:02:45,107 [Worker-30] INFO  o.e.m.c.i.e.AbstractTransferListenerAdapter - Downloaded http://maven.wso2.org/nexus/content/groups/wso2-public/org/wso2/maven/org.wso2.maven.utils/2.1.0/org.wso2.maven.utils-2.1.0.pom
2017-07-31 17:02:45,632 [Worker-30] INFO  o.e.m.c.i.e.AbstractTransferListenerAdapter - Downloading http://maven.wso2.org/nexus/content/groups/wso2-public/org/wso2/maven/org.wso2.maven.core/2.1.0/org.wso2.maven.core-2.1.0.pom
2017-07-31 17:02:46,091 [Worker-30] INFO  o.e.m.c.i.e.AbstractTransferListenerAdapter - Downloaded http://maven.wso2.org/nexus/content/groups/wso2-public/org/wso2/maven/org.wso2.maven.core/2.1.0/org.wso2.maven.core-2.1.0.pom
2017-07-31 17:02:46,760 [Worker-30] INFO  o.e.m.c.i.e.AbstractTransferListenerAdapter - Downloading http://maven.wso2.org/nexus/content/groups/wso2-public/org/wso2/maven/org.wso2.maven.esb/2.1.0/org.wso2.maven.esb-2.1.0.pom
2017-07-31 17:02:47,653 [Worker-30] INFO  o.e.m.c.i.e.AbstractTransferListenerAdapter - Downloaded http://maven.wso2.org/nexus/content/groups/wso2-public/org/wso2/maven/org.wso2.maven.esb/2.1.0/org.wso2.maven.esb-2.1.0.pom
2017-07-31 17:02:48,120 [Worker-30] INFO  o.e.m.c.i.e.AbstractTransferListenerAdapter - Downloading http://maven.wso2.org/nexus/content/groups/wso2-public/org/wso2/maven/wso2-esb-connector-plugin/1.0.0/wso2-esb-connector-plugin-1.0.0.jar
2017-07-31 17:02:48,565 [Worker-30] INFO  o.e.m.c.i.e.AbstractTransferListenerAdapter - Downloaded http://maven.wso2.org/nexus/content/groups/wso2-public/org/wso2/maven/wso2-esb-connector-plugin/1.0.0/wso2-esb-connector-plugin-1.0.0.jar
2017-07-31 17:02:48,652 [Worker-30] INFO  o.e.m.c.i.e.AbstractTransferListenerAdapter - Downloading http://maven.wso2.org/nexus/content/groups/wso2-public/biz/aQute/bndlib/0.0.357/bndlib-0.0.357.jar
2017-07-31 17:02:49,341 [Worker-30] INFO  o.e.m.c.i.e.AbstractTransferListenerAdapter - Downloaded http://maven.wso2.org/nexus/content/groups/wso2-public/biz/aQute/bndlib/0.0.357/bndlib-0.0.357.jar
2017-07-31 17:02:49,502 [Worker-30] INFO  o.e.m.c.i.e.AbstractTransferListenerAdapter - Downloading http://maven.wso2.org/nexus/content/groups/wso2-public/org/apache/felix/org.apache.felix.bundlerepository/1.6.2/org.apache.felix.bundlerepository-1.6.2.jar
2017-07-31 17:02:49,950 [Worker-30] INFO  o.e.m.c.i.e.AbstractTransferListenerAdapter - Downloaded http://maven.wso2.org/nexus/content/groups/wso2-public/org/apache/felix/org.apache.felix.bundlerepository/1.6.2/org.apache.felix.bundlerepository-1.6.2.jar
2017-07-31 17:02:50,179 [Worker-30] INFO  o.e.m.c.i.e.AbstractTransferListenerAdapter - Downloading http://maven.wso2.org/nexus/content/groups/wso2-public/org/apache/maven/maven-model/3.0.2/maven-model-3.0.2.jar
2017-07-31 17:02:50,757 [Worker-30] INFO  o.e.m.c.i.e.AbstractTransferListenerAdapter - Downloaded http://maven.wso2.org/nexus/content/groups/wso2-public/org/apache/maven/maven-model/3.0.2/maven-model-3.0.2.jar
2017-07-31 17:02:50,962 [Worker-30] INFO  o.e.m.c.i.e.AbstractTransferListenerAdapter - Downloading http://maven.wso2.org/nexus/content/groups/wso2-public/org/codehaus/plexus/plexus-container-default/1.5.4/plexus-container-default-1.5.4.jar
2017-07-31 17:02:51,735 [Worker-30] INFO  o.e.m.c.i.e.AbstractTransferListenerAdapter - Downloaded http://maven.wso2.org/nexus/content/groups/wso2-public/org/codehaus/plexus/plexus-container-default/1.5.4/plexus-container-default-1.5.4.jar
2017-07-31 17:02:52,229 [Worker-30] INFO  o.e.m.c.i.e.AbstractTransferListenerAdapter - Downloading http://maven.wso2.org/nexus/content/groups/wso2-public/org/wso2/maven/org.wso2.maven.capp/2.1.0/org.wso2.maven.capp-2.1.0.jar
2017-07-31 17:02:52,790 [Worker-30] INFO  o.e.m.c.i.e.AbstractTransferListenerAdapter - Downloaded http://maven.wso2.org/nexus/content/groups/wso2-public/org/wso2/maven/org.wso2.maven.capp/2.1.0/org.wso2.maven.capp-2.1.0.jar
2017-07-31 17:02:53,194 [Worker-30] INFO  o.e.m.c.i.e.AbstractTransferListenerAdapter - Downloading http://maven.wso2.org/nexus/content/groups/wso2-public/org/wso2/maven/org.wso2.maven.utils/2.1.0/org.wso2.maven.utils-2.1.0.jar
2017-07-31 17:02:53,567 [Worker-30] INFO  o.e.m.c.i.e.AbstractTransferListenerAdapter - Downloaded http://maven.wso2.org/nexus/content/groups/wso2-public/org/wso2/maven/org.wso2.maven.utils/2.1.0/org.wso2.maven.utils-2.1.0.jar
2017-07-31 17:02:53,983 [Worker-30] INFO  o.e.m.c.i.e.AbstractTransferListenerAdapter - Downloading http://maven.wso2.org/nexus/content/groups/wso2-public/org/wso2/maven/org.wso2.maven.core/2.1.0/org.wso2.maven.core-2.1.0.jar
2017-07-31 17:02:54,483 [Worker-30] INFO  o.e.m.c.i.e.AbstractTransferListenerAdapter - Downloaded http://maven.wso2.org/nexus/content/groups/wso2-public/org/wso2/maven/org.wso2.maven.core/2.1.0/org.wso2.maven.core-2.1.0.jar
2017-07-31 17:02:54,954 [Worker-30] INFO  o.e.m.c.i.e.AbstractTransferListenerAdapter - Downloading http://maven.wso2.org/nexus/content/groups/wso2-public/org/wso2/maven/org.wso2.maven.esb/2.1.0/org.wso2.maven.esb-2.1.0.jar
2017-07-31 17:02:55,365 [Worker-30] INFO  o.e.m.c.i.e.AbstractTransferListenerAdapter - Downloaded http://maven.wso2.org/nexus/content/groups/wso2-public/org/wso2/maven/org.wso2.maven.esb/2.1.0/org.wso2.maven.esb-2.1.0.jar
2017-08-03 17:01:56,084 [Worker-412] INFO  o.e.m.c.i.e.AbstractTransferListenerAdapter - Downloading http://maven.wso2.org/nexus/content/groups/wso2-public/org/wso2/maven/wso2-esb-proxy-plugin/2.1.0/wso2-esb-proxy-plugin-2.1.0.pom
2017-08-03 17:01:56,404 [Worker-412] INFO  o.e.m.c.i.e.AbstractTransferListenerAdapter - Downloaded http://maven.wso2.org/nexus/content/groups/wso2-public/org/wso2/maven/wso2-esb-proxy-plugin/2.1.0/wso2-esb-proxy-plugin-2.1.0.pom
2017-08-03 17:01:56,888 [Worker-412] INFO  o.e.m.c.i.e.AbstractTransferListenerAdapter - Downloading http://maven.wso2.org/nexus/content/groups/wso2-public/org/wso2/maven/wso2-esb-proxy-plugin/2.1.0/wso2-esb-proxy-plugin-2.1.0.jar
2017-08-03 17:01:57,208 [Worker-412] INFO  o.e.m.c.i.e.AbstractTransferListenerAdapter - Downloaded http://maven.wso2.org/nexus/content/groups/wso2-public/org/wso2/maven/wso2-esb-proxy-plugin/2.1.0/wso2-esb-proxy-plugin-2.1.0.jar
2017-08-03 17:01:57,755 [Worker-412] INFO  o.e.m.c.i.e.AbstractTransferListenerAdapter - Downloading http://maven.wso2.org/nexus/content/groups/wso2-public/org/wso2/maven/wso2-esb-template-plugin/2.1.0/wso2-esb-template-plugin-2.1.0.pom
2017-08-03 17:01:58,059 [Worker-412] INFO  o.e.m.c.i.e.AbstractTransferListenerAdapter - Downloaded http://maven.wso2.org/nexus/content/groups/wso2-public/org/wso2/maven/wso2-esb-template-plugin/2.1.0/wso2-esb-template-plugin-2.1.0.pom
2017-08-03 17:01:58,407 [Worker-412] INFO  o.e.m.c.i.e.AbstractTransferListenerAdapter - Downloading http://maven.wso2.org/nexus/content/groups/wso2-public/org/wso2/maven/wso2-esb-template-plugin/2.1.0/wso2-esb-template-plugin-2.1.0.jar
2017-08-03 17:01:58,720 [Worker-412] INFO  o.e.m.c.i.e.AbstractTransferListenerAdapter - Downloaded http://maven.wso2.org/nexus/content/groups/wso2-public/org/wso2/maven/wso2-esb-template-plugin/2.1.0/wso2-esb-template-plugin-2.1.0.jar
2017-08-03 17:01:59,129 [Worker-412] INFO  o.e.m.c.i.e.AbstractTransferListenerAdapter - Downloading http://maven.wso2.org/nexus/content/groups/wso2-public/org/wso2/maven/wso2-esb-localentry-plugin/2.1.0/wso2-esb-localentry-plugin-2.1.0.pom
2017-08-03 17:01:59,438 [Worker-412] INFO  o.e.m.c.i.e.AbstractTransferListenerAdapter - Downloaded http://maven.wso2.org/nexus/content/groups/wso2-public/org/wso2/maven/wso2-esb-localentry-plugin/2.1.0/wso2-esb-localentry-plugin-2.1.0.pom
2017-08-03 17:01:59,804 [Worker-412] INFO  o.e.m.c.i.e.AbstractTransferListenerAdapter - Downloading http://maven.wso2.org/nexus/content/groups/wso2-public/org/wso2/maven/wso2-esb-localentry-plugin/2.1.0/wso2-esb-localentry-plugin-2.1.0.jar
2017-08-03 17:02:00,121 [Worker-412] INFO  o.e.m.c.i.e.AbstractTransferListenerAdapter - Downloaded http://maven.wso2.org/nexus/content/groups/wso2-public/org/wso2/maven/wso2-esb-localentry-plugin/2.1.0/wso2-esb-localentry-plugin-2.1.0.jar
2017-08-03 17:02:00,531 [Worker-412] INFO  o.e.m.c.i.e.AbstractTransferListenerAdapter - Downloading http://maven.wso2.org/nexus/content/groups/wso2-public/org/wso2/maven/wso2-esb-sequence-plugin/2.1.0/wso2-esb-sequence-plugin-2.1.0.pom
2017-08-03 17:02:00,837 [Worker-412] INFO  o.e.m.c.i.e.AbstractTransferListenerAdapter - Downloaded http://maven.wso2.org/nexus/content/groups/wso2-public/org/wso2/maven/wso2-esb-sequence-plugin/2.1.0/wso2-esb-sequence-plugin-2.1.0.pom
2017-08-03 17:02:01,316 [Worker-412] INFO  o.e.m.c.i.e.AbstractTransferListenerAdapter - Downloading http://maven.wso2.org/nexus/content/groups/wso2-public/org/wso2/maven/wso2-esb-sequence-plugin/2.1.0/wso2-esb-sequence-plugin-2.1.0.jar
2017-08-03 17:02:01,628 [Worker-412] INFO  o.e.m.c.i.e.AbstractTransferListenerAdapter - Downloaded http://maven.wso2.org/nexus/content/groups/wso2-public/org/wso2/maven/wso2-esb-sequence-plugin/2.1.0/wso2-esb-sequence-plugin-2.1.0.jar
2017-08-03 17:02:02,038 [Worker-412] INFO  o.e.m.c.i.e.AbstractTransferListenerAdapter - Downloading http://maven.wso2.org/nexus/content/groups/wso2-public/org/wso2/maven/wso2-esb-task-plugin/2.1.0/wso2-esb-task-plugin-2.1.0.pom
2017-08-03 17:02:02,338 [Worker-412] INFO  o.e.m.c.i.e.AbstractTransferListenerAdapter - Downloaded http://maven.wso2.org/nexus/content/groups/wso2-public/org/wso2/maven/wso2-esb-task-plugin/2.1.0/wso2-esb-task-plugin-2.1.0.pom
2017-08-03 17:02:02,717 [Worker-412] INFO  o.e.m.c.i.e.AbstractTransferListenerAdapter - Downloading http://maven.wso2.org/nexus/content/groups/wso2-public/org/wso2/maven/wso2-esb-task-plugin/2.1.0/wso2-esb-task-plugin-2.1.0.jar
2017-08-03 17:02:03,922 [Worker-412] INFO  o.e.m.c.i.e.AbstractTransferListenerAdapter - Downloaded http://maven.wso2.org/nexus/content/groups/wso2-public/org/wso2/maven/wso2-esb-task-plugin/2.1.0/wso2-esb-task-plugin-2.1.0.jar
